<?xml version="1.0" encoding="UTF-8"?>
<!-- Generated by org.testng.reporters.JUnitReportReporter -->
<testsuite skipped="0" hostname="Ustores-MacBook-Pro.local" name="com.jakartalabs.fullstack_automation.WebTests" tests="1" failures="0" timestamp="20 Mar 2021 07:49:44 GMT" time="47.283" errors="0">
  <testcase name="login" time="47.283" classname="com.jakartalabs.fullstack_automation.WebTests"/>
</testsuite> <!-- com.jakartalabs.fullstack_automation.WebTests -->
