<?xml version="1.0" encoding="UTF-8"?>
<!-- Generated by org.testng.reporters.JUnitReportReporter -->
<testsuite skipped="0" hostname="Ustores-MacBook-Pro.local" name="com.jakartalabs.fullstack_automation.APITests" tests="3" failures="0" timestamp="19 Mar 2021 08:13:37 GMT" time="7.835" errors="0">
  <testcase name="testloginAPIWithIncorrectCredentials" time="1.759" classname="com.jakartalabs.fullstack_automation.APITests"/>
  <testcase name="testloginAPI" time="4.434" classname="com.jakartalabs.fullstack_automation.APITests"/>
  <testcase name="testDashboardAPI" time="1.642" classname="com.jakartalabs.fullstack_automation.APITests"/>
</testsuite> <!-- com.jakartalabs.fullstack_automation.APITests -->
